

     FOREST VEGETATION SIMULATOR     VERSION FS2025.4 -- LAKE STATES                            RV:20250930    05-07-2026  12:14:48

----------------------------------------------------------------------------------------------------------------------------------

                                                OPTIONS SELECTED BY INPUT

KEYWORD FILE NAME: ./input/tmp
----------------------------------------------------------------------------------------------------------------------------------
KEYWORD    PARAMETERS:
--------   -----------------------------------------------------------------------------------------------------------------------

NOTRIPLE


            

STDIDENT
           STAND ID= MBB_BAU                                                                                                   


            

STANDCN    DATA BASE CONTROL NUMBER=375683620489998


            

MGMTID  
           MANAGEMENT ID= MI  


            

TIMEINT    ALL CYCLES;  PERIOD LENGTH=  5

NUMCYCLE   NUMBER OF CYCLES=  6


            
            

DATABASE   DATABASE KEYWORDS:

DSNOUT     DSN FOR OUTPUT DATA BASE IS ./output/mbb.sqlite

END        END OF DATA BASE OPTIONS.


            
            

DATABASE   DATABASE KEYWORDS:

DSNIN      INPUT DATA BASE IS ./db/FIADB_MI.db

STANDSQL   STANDSQL COMMAND FOR INPUT DATA BASE: ./db/FIADB_MI.db
           SELECT * FROM FVS_STANDINIT_PLOT
           WHERE Stand_CN = '%Stand_CN%'

           STAND-LEVEL DATA BASE READ:
           INV_YEAR:               2017
           REGION:                    9
           FOREST:                    7
            COMPOSITE LOC:          907
           LOCATION:                907
           LONGITUDE:          -88.7785
           LATITUDE:            47.1039
           AGE:                      85
           ASPECT:                  0.0
           SLOPE:                  0.00
           ELEVFT:                860.0 CONVERTED TO:    8.6
           BASAL_AREA_FACTOR:     -24.0
           INV_PLOT_SIZE:          300.
           BRK_DBH:                 5.0
           NUM_PLOTS:                 4
           SAM_WT:          5481.589844
           DG_TRANS:                  1
           DG_MEASURE:              6.0
           HTG_TRANS:                 1
           HTG_MEASURE:             6.0
           MORT_MEASURE:            6.0
           SITE_SPECIES:            316 MAPPED TO INTERNAL CODE: RM
           SITE_INDEX:             70.0 FOR SPECIES: RM
           PHYSIO_REGION:            22
           STATE:                    26
           COUNTY:                   61
           END OF DATA BASE READ.

TREESQL    TREESQL COMMAND FOR INPUT DATA BASE: ./db/FIADB_MI.db
           SELECT * FROM FVS_TREEINIT_PLOT
           WHERE Stand_CN = '%Stand_CN%'
           STAND_CN           WAS IGNORED
           STAND_ID           WAS IGNORED
           PLOT_CN            WAS IGNORED
           STANDPLOT_CN       WAS IGNORED
           STANDPLOT_ID       WAS IGNORED
           PLOT_ID            WAS USED
           TREE_CN            WAS IGNORED
           TREE_ID            WAS USED
           TAG_ID             WAS IGNORED
           DISTANCE           WAS IGNORED
           SITE_TREE_FLAG     WAS IGNORED
           TREE_COUNT         WAS USED
           MORT_AGENT         WAS IGNORED
           WDLND_STEMS        WAS USED
           HISTORY            WAS USED
           SPECIES            WAS USED
           DIAMETER           WAS USED
           DIAMETER_HTCD      WAS IGNORED
           DG                 WAS USED
           HT                 WAS USED
           HTG                WAS USED
           HTTOPK             WAS USED
           HTBOLE             WAS IGNORED
           TPBOLE             WAS IGNORED
           HTSAW              WAS IGNORED
           TPSAW              WAS IGNORED
           HT_TO_CROWN_BASE   WAS IGNORED
           CRRATIO            WAS USED
           UNCRRATIO          WAS IGNORED
           CRCLASS            WAS IGNORED
           DAMAGE1            WAS USED
           SEVERITY1          WAS USED
           DAMAGE2            WAS USED
           SEVERITY2          WAS USED
           DAMAGE3            WAS USED
           SEVERITY3          WAS USED
           DEFECT_CUBIC       WAS IGNORED
           DEFECT_BOARD       WAS IGNORED
           TREEVALUE          WAS USED
           PRESCRIPTION       WAS USED
           AGE                WAS USED
           BH_YEARS           WAS IGNORED
           SLOPE              WAS USED
           ASPECT             WAS USED
           PV_CODE            WAS USED
           PV_REF_CODE        WAS IGNORED
           TOPOCODE           WAS USED
           SITEPREP           WAS USED
           CREATED_DATE       WAS IGNORED
           MODIFIED_DATE      WAS IGNORED
           VERSION            WAS IGNORED
           CULL               WAS USED
           DECAYCD            WAS USED
           NUMBER ROWS PROCESSED:   41

END        END OF DATA BASE OPTIONS.


            

TREELIST   DATE/CYCLE=    0; DATA SET REFERENCE NUMBER =  0.; HEADING SUPPRESSION CODE = 0.
           (0=WITH HEADING, OTHER VALUES=SUPPRESS HEADING).

CUTLIST    DATE/CYCLE=    0; DATA SET REFERENCE NUMBER =  0.; HEADING SUPPRESSION CODE = 0.
           (0=WITH HEADING, OTHER VALUES=SUPPRESS HEADING).

ATRTLIST   DATE/CYCLE=    0; DATA SET REFERENCE NUMBER =  0.; HEADING SUPPRESSION CODE = 0.
           (0=WITH HEADING, OTHER VALUES=SUPPRESS HEADING).

CALBSTAT   CALIBRATION STATISTICS WILL BE WRITTEN TO FILE REFERENCED BY NUMBER 13
           MINIMUM NUMBER OF DIA. GROWTH OBSERVATIONS PER SPECIES TO CALIBRATE 
           THE LARGE TREE DIAMETER INCREMENT MODEL FOR LOCAL CONDITIONS=     5.
           MINIMUM NUMBER OF HEIGHT GROWTH OBSERVATIONS PER SPECIES TO CALIBRATE 
           THE SMALL TREE HEIGHT INCREMENT MODEL FOR LOCAL CONDITIONS=      5

STATS      STATISTICAL DESCRIPTION OF INPUT DATA WILL BE PROVIDED; CONFIDENCE LIMITS AT 0.05 LEVEL.

STRCLASS   STAND STRUCTURAL CLASSES WILL BE COMPUTED.
           OUTPUT PRINTING CODE =  1. (0=NO OUTPUT, 1=PRINT)
           THE PERCENTAGE OF A TREE HEIGHT THAT A GAP MUST EXCEED =          30.0
           THE DBH BREAK BETWEEN SEEDLING/SAPLINGS AND POLE-SIZED TREES =     5.0
           THE DBH BREAK BETWEEN POLE-SIZED AND LARGE, OLDER, TREES =        25.0
           THE MINIMUM COVER PERCENT TO QUALIFY A POTENTIAL STRATUM =         5.0
           THE MINIMUM TREE/ACRE TO BE CLASSIFIED STAND INITIATION =        200.0
           THE MINIMUM PERCENT OF MAXSDI TO BE CLASSIFIED STEM EXCLUSION =   30.0


            

FMIN       FIRE MODEL KEYWORDS:

CARBREPT   THE MAIN CARBON REPORT WILL BE PRINTED.

END        END OF FIRE MODEL OPTIONS.


            

DATABASE   DATABASE KEYWORDS:

TREELIDB   TREE INFORMATION FROM OUTPUT SENT TO SPECIFIED DATABASE.
           CREATE TEXT FILE REPORT: NO 
           SPECIES CODE OUTPUT FORMAT: NORMAL  

CUTLIDB    CUTS INFORMATION FROM OUTPUT SENT TO SPECIFIED DATABASE.
           SPECIES CODE OUTPUT FORMAT: NORMAL  
           CREATE TEXT FILE REPORT: NO 

ATRTLIDB   TREE INFORMATION FROM OUTPUT SENT TO SPECIFIED DATABASE.
           SPECIES CODE OUTPUT FORMAT: NORMAL  
           CREATE TEXT FILE REPORT: NO 

CALBSTDB   CALIBRATION STATISTICS TABLE SENT TO SPECIFIED DATABASE.

INVSTATS   INVENTORY STATISTICS TABLES SENT TO SPECIFIED DATABASE.

STRCLSDB   STRUCTURE CLASS INFO SENT TO SPECIFIED DATABASE.
           INCLUDE REPORT IN OUT FILE: YES
           DATABASE TABLE AND STANDARD OUTPUT ARE GENERATED


            

CARBREDB   CARBON REPORTS SENT TO SPECIFIED DATABASE.
           INCLUDE REPORT IN OUT FILE: NO 
           ONLY THE DATABASE TABLE IS GENERATED


            

SUMMARY    SUMMARY STATISTICS SENT TO DATABASE.

COMPUTDB   COMPUTE VARIABLES SENT TO SPECIFIED DATABASE.
           ADD NEW VARIABLES TO EXISTING TABLE: YES
           INCLUDE VARIABLES STARTING WITH UNDERSCORE: NO 

END        END OF DATA BASE OPTIONS.


            

COMPUTE    DATE/CYCLE=    0; DEFINE THE FOLLOWING:

           BAtarget = 0.57*BBA

END


            

IF         MINIMUM DELAY TIME BETWEEN RESPONSES TO THE EVENT =     1

           BBA GE 90

THEN       ACTIVITIES WHICH FOLLOW WILL NOT BE SCHEDULED UNTIL THE EVENT HAPPENS (WHEN THE LOGICAL EXPRESSION IS TRUE).

THINDBH    DATE/CYCLE=    0;   PARMS(0, 999, 1, ALL, 0, BATARGET)                         

ENDIF      ACTIVITIES WHICH FOLLOW WILL BE SCHEDULED.


            

PROCESS    PROCESS THE STAND.
----------------------------------------------------------------------------------------------------------------------------------

                                                OPTIONS SELECTED BY DEFAULT

----------------------------------------------------------------------------------------------------------------------------------

TREEFMT    (I4,T1,I7,F6.0,I1,A3,F4.1,F3.1,2F3.0,F4.1,I1,3(I2,I2),2I1,I2,    2I3,2I1,F3.0)  
                                                                                           

DESIGN     BASAL AREA FACTOR=  -24.0; INVERSE OF FIXED PLOT AREA=  300.0; BREAK DBH=    5.0
           NUMBER OF PLOTS=     4; NON-STOCKABLE PLOTS=     0; STAND SAMPLING WEIGHT=  5481.58984
           PROPORTION OF STAND CONSIDERED STOCKABLE=  1.000

********   FVS14 WARNING:  HABITAT/PLANT ASSOCIATION/ECOREGION CODE WAS NOT RECOGNIZED; HABITAT/PLANT ASSOCIATION/ECOREGION SET TO DEFAULT CODE.

           PLANT ASSOCIATION CODE USED IN THIS PROJECTION IS FDN12   

STDINFO    FOREST-LOCATION CODE=     907; HABITAT TYPE=  1; AGE=   85; ASPECT AZIMUTH IN DEGREES=   0.; SLOPE=   0.%
           ELEVATION(100'S FEET)=  8.6;  REFERENCE CODE=     ; ECOREGION=       210 

SPECIES      JP      SC      RN      RP      WP      WS      NS      BF      BS      TA
SDI MAX      356     408     505     505     529     412     412     655     500     387

SPECIES      WC      EH      OS      RC      BA      GA      EC      SV      RM      BC
SDI MAX      771     510     354     354     423     414     648     590     421     384

SPECIES      AE      RL      RE      YB      BW      SM      BM      AB      WA      WO
SDI MAX      282     227     282     369     526     371     371     364     408     361

SPECIES      SW      BR      CK      RO      BO      NP      BH      PH      SH      BT
SDI MAX      361     423     336     414     370     336     301     276     302     520

SPECIES      QA      BP      PB      __      BN      WN      HH      BK      OH      BE
SDI MAX      562     384     466     283     283     283     304     343     257     344

SPECIES      ST      MM      AH      AC      HK      DW      HT      AP      BG      SY
SDI MAX      243     243     375     243     420     257     463     422     430     499

SPECIES      PR      CC      PL      WI      BL      DM      SS      MA
SDI MAX      463     463     463     447     447     447     492     338

                                  NATIONAL VOLUME ESTIMATOR LIBRARY EQUATION NUMBERS
SPECIES  CUBIC FOOT BOARD FOOT SPECIES  CUBIC FOOT BOARD FOOT SPECIES  CUBIC FOOT BOARD FOOT SPECIES  CUBIC FOOT BOARD FOOT 
------- ----------- ---------- ------- ----------- ---------- ------- ----------- ---------- ------- ----------- ---------- 
  JP    900CLKE105  900CLKE105   SC    900CLKE130  900CLKE130   RN    900CLKE125  900CLKE125   RP    900CLKE125  900CLKE125
  WP    900CLKE129  900CLKE129   WS    900CLKE094  900CLKE094   NS    900CLKE091  900CLKE091   BF    900CLKE012  900CLKE012
  BS    900CLKE095  900CLKE095   TA    900CLKE071  900CLKE071   WC    900CLKE241  900CLKE241   EH    900CLKE261  900CLKE261
  OS    900CLKE299  900CLKE299   RC    900CLKE068  900CLKE068   BA    900CLKE543  900CLKE543   GA    900CLKE544  900CLKE544
  EC    900CLKE742  900CLKE742   SV    900CLKE317  900CLKE317   RM    900CLKE316  900CLKE316   BC    900CLKE762  900CLKE762
  AE    900CLKE972  900CLKE972   RL    900CLKE975  900CLKE975   RE    900CLKE977  900CLKE977   YB    900CLKE371  900CLKE371
  BW    900CLKE951  900CLKE951   SM    900CLKE318  900CLKE318   BM    900CLKE314  900CLKE314   AB    900CLKE531  900CLKE531
  WA    900CLKE541  900CLKE541   WO    900CLKE802  900CLKE802   SW    900CLKE804  900CLKE804   BR    900CLKE823  900CLKE823
  CK    900CLKE826  900CLKE826   RO    900CLKE833  900CLKE833   BO    900CLKE837  900CLKE837   NP    900CLKE809  900CLKE809
  BH    900CLKE402  900CLKE402   PH    900CLKE403  900CLKE403   SH    900CLKE407  900CLKE407   BT    900CLKE743  900CLKE743
  QA    900CLKE746  900CLKE746   BP    900CLKE741  900CLKE741   PB    900CLKE375  900CLKE375   __    900CLKE000  900CLKE000
  BN    900CLKE601  900CLKE601   WN    900CLKE602  900CLKE602   HH    900CLKE701  900CLKE701   BK    900CLKE901  900CLKE901
  OH    900CLKE998  900CLKE998   BE    900CLKE313  900CLKE313   ST    900CLKE315  900CLKE315   MM    900CLKE319  900CLKE319
  AH    900CLKE391  900CLKE391   AC    900CLKE421  900CLKE421   HK    900CLKE462  900CLKE462   DW    900CLKE491  900CLKE491
  HT    900CLKE500  900CLKE500   AP    900CLKE660  900CLKE660   BG    900CLKE693  900CLKE693   SY    900CLKE731  900CLKE731
  PR    900CLKE761  900CLKE761   CC    900CLKE763  900CLKE763   PL    900CLKE760  900CLKE760   WI    900CLKE920  900CLKE920
  BL    900CLKE922  900CLKE922   DM    900CLKE923  900CLKE923   SS    900CLKE931  900CLKE931   MA    900CLKE935  900CLKE935

SITECODE   SITE INDEX INFORMATION:
            JP=   76.;  SC=   76.;  RN=   67.;  RP=   67.;  WP=   71.;  WS=   70.;  NS=   70.;  BF=   63.; BS=   70.
            TA=   70.;  WC=   70.;  EH=   70.;  OS=   70.;  RC=   70.;  BA=   71.;  GA=   71.;  EC=   70.; SV=   70.
            RM=   70.;  BC=   70.;  AE=   75.;  RL=   75.;  RE=   75.;  YB=   69.;  BW=   73.;  SM=   70.; BM=   70.
            AB=   70.;  WA=   77.;  WO=   70.;  SW=   70.;  BR=   70.;  CK=   70.;  RO=   73.;  BO=   73.; NP=   73.
            BH=   70.;  PH=   70.;  SH=   70.;  BT=   76.;  QA=   76.;  BP=   76.;  PB=   71.;  __=   70.; BN=   70.
            WN=   70.;  HH=   70.;  BK=   70.;  OH=   70.;  BE=   70.;  ST=   70.;  MM=   70.;  AH=   70.; AC=   70.
            HK=   70.;  DW=   70.;  HT=   70.;  AP=   70.;  BG=   70.;  SY=   70.;  PR=   70.;  CC=   70.; PL=   70.
            WI=   70.;  BL=   70.;  DM=   70.;  SS=   70.;  MA=   70.
           SITE SPECIES=RM CODE=   19

INVENTORY POINT CROSS REFERENCE (FVS SEQUENTIAL POINT NUMBER = POINT NUMBER AS ENTERED IN THE INPUT DATA):
  1=       1;   2=       2;   3=       3;   4=       4
----------------------------------------------------------------------------------------------------------------------------------


                                                     ACTIVITY SCHEDULE

STAND ID= MBB_BAU                       MGMT ID= MI                                                                              

----------------------------------------------------------------------------------------------------------------------------------

CYCLE  DATE  EXTENSION  KEYWORD   DATE  PARAMETERS:
-----  ----  ---------  --------  ----  ------------------------------------------------------------------------------------------

   1   2017
               BASE     TREELIST  2017       0.0000     0.0000
               BASE     CUTLIST   2017       0.0000     0.0000
               BASE     ATRTLIST  2017       0.0000     0.0000
               CMPU     BATARGET  2017       0.0000

   2   2022
               BASE     TREELIST  2022       0.0000     0.0000
               BASE     CUTLIST   2022       0.0000     0.0000
               BASE     ATRTLIST  2022       0.0000     0.0000
               CMPU     BATARGET  2022       0.0000

   3   2027
               BASE     TREELIST  2027       0.0000     0.0000
               BASE     CUTLIST   2027       0.0000     0.0000
               BASE     ATRTLIST  2027       0.0000     0.0000
               CMPU     BATARGET  2027       0.0000

   4   2032
               BASE     TREELIST  2032       0.0000     0.0000
               BASE     CUTLIST   2032       0.0000     0.0000
               BASE     ATRTLIST  2032       0.0000     0.0000
               CMPU     BATARGET  2032       0.0000

   5   2037
               BASE     TREELIST  2037       0.0000     0.0000
               BASE     CUTLIST   2037       0.0000     0.0000
               BASE     ATRTLIST  2037       0.0000     0.0000
               CMPU     BATARGET  2037       0.0000

   6   2042
               BASE     TREELIST  2042       0.0000     0.0000
               BASE     CUTLIST   2042       0.0000     0.0000
               BASE     ATRTLIST  2042       0.0000     0.0000
               CMPU     BATARGET  2042       0.0000
----------------------------------------------------------------------------------------------------------------------------------

********   FVS40 WARNING:  TREE RECORD REPRESENTING GREATER THAN 1000 TPA ENCOUNTERED. MAY CAUSE MATHEMATICAL ERRORS.

********   FVS40 WARNING:  TREE_ID=****** TREE INDEX=  32 SPECIES= 26 DIAMETER=  0.1 TPA= 1200.00

********   FVS40 WARNING:  TREE RECORD REPRESENTING GREATER THAN 1000 TPA ENCOUNTERED. MAY CAUSE MATHEMATICAL ERRORS.

********   FVS40 WARNING:  TREE_ID=****** TREE INDEX=  33 SPECIES= 26 DIAMETER=  0.1 TPA= 2100.00

********   FVS40 WARNING:  TREE RECORD REPRESENTING GREATER THAN 1000 TPA ENCOUNTERED. MAY CAUSE MATHEMATICAL ERRORS.

********   FVS40 WARNING:  TREE_ID=****** TREE INDEX=  37 SPECIES= 26 DIAMETER=  0.1 TPA= 4200.00

********   FVS40 WARNING:  TREE RECORD REPRESENTING GREATER THAN 1000 TPA ENCOUNTERED. MAY CAUSE MATHEMATICAL ERRORS.

********   FVS40 WARNING:  TREE_ID=****** TREE INDEX=  38 SPECIES= 24 DIAMETER=  0.1 TPA= 1200.00

********   FVS40 WARNING:  TREE RECORD REPRESENTING GREATER THAN 1000 TPA ENCOUNTERED. MAY CAUSE MATHEMATICAL ERRORS.

********   FVS40 WARNING:  TREE_ID=****** TREE INDEX=  40 SPECIES= 26 DIAMETER=  0.1 TPA= 1275.00


CALIBRATION STATISTICS:


                                                 YB    SM    RM    HH
                                                ----  ----  ----  ----

NUMBER OF RECORDS PER SPECIES                      7    22    11     1

NUMBER OF RECORDS CODED AS RECENT MORTALITY        0     0     0     0

NUMBER OF RECORDS WITH MISSING HEIGHTS             2     4     3     1

NUMBER OF RECORDS WITH BROKEN OR DEAD TOPS         0     0     1     0

NUMBER OF RECORDS WITH MISSING CROWN RATIOS        2     4     3     1

NUMBER OF RECORDS AVAILABLE FOR SCALING
THE DIAMETER INCREMENT MODEL                       5    14     7     0

RATIO OF STANDARD ERRORS
(INPUT DBH GROWTH DATA : MODEL)                 0.64  0.35  0.38  1.00

WEIGHT GIVEN TO THE INPUT GROWTH DATA WHEN
DBH GROWTH MODEL SCALE FACTORS WERE COMPUTED    0.95  0.96  1.00  0.00

INITIAL SCALE FACTORS FOR THE
DBH INCREMENT MODEL                             1.89  1.68  2.46  1.00

NUMBER OF RECORDS AVAILABLE FOR SCALING
THE SMALL TREE HEIGHT INCREMENT MODEL             0     0     0     0

INITIAL SCALE FACTORS FOR THE SMALL TREE
HEIGHT INCREMENT MODEL                          1.00  1.00  1.00  1.00

NUMBER OF RECORDS WITH MISTLETOE                   0     0     0     0


        GENERAL SPECIES SUMMARY FOR THE CRUISE (PER ACRE)

  SPECIES             TREES       BASAL AREA       CUBIC FEET       BOARD FEET       ABOVE GROUND BIOMASS       ABOVE GROUND CARBON
-----------------------------------------------------------------------------------------------------------------------------------
 RM  =  RM            498.0             24.5            584.8           912.0                         0.0                       0.0
 YB  =  YB           1305.0             17.5            423.0           336.0                         0.0                       0.0
 SM  =  SM           9084.0             36.4            875.1           894.0                         0.0                       0.0
 HH  =  HH            150.0              0.0              0.0             0.0                         0.0                       0.0


                  DISTRIBUTION OF STAND ATTRIBUTES AMONG SAMPLE POINTS

                              STANDARD  COEFF OF SAMPLE             95%           SAMPLING ERROR IN
CHARACTERISTIC          MEAN DEVIATION VARIATION   SIZE     CONFIDENCE  LIMITS    PERCENT     UNITS
----------------   --------- --------- --------- ------ ----------------------    -----------------
TREES/ACRE          11037.00   8177.00      0.74      4      0.00     24048.44     117.9    13011.4
BASAL AREA/ACRE        78.40     30.32      0.39      4     30.16       126.64      61.5       48.2
CUBIC FEET/ACRE      1882.91    762.04      0.40      4    670.33      3095.49      64.4     1212.6
BOARD FEET/ACRE      2142.00   1479.77      0.69      4      0.00      4496.64     109.9     2354.6
ABVGRD BIOMASS/ACRE     0.00      0.00
ABVGRD CARB/ACRE        0.00      0.00


     FOREST VEGETATION SIMULATOR     VERSION FS2025.4 -- LAKE STATES                            RV:20250930    05-07-2026  12:14:48

STAND ID: MBB_BAU                       MGMT ID: MI       


                                        STAND COMPOSITION (BASED ON STOCKABLE AREA)
--------------------------------------------------------------------------------------------------------------------------
                            PERCENTILE POINTS IN THE
                     DISTRIBUTION OF STAND ATTRIBUTES BY DBH      TOTAL/ACRE
        STAND       -----------------------------------------      OF STAND         DISTRIBUTION OF STAND ATTRIBUTES BY
YEAR  ATTRIBUTES      10     30     50     70     90    100       ATTRIBUTES       SPECIES AND 3 USER-DEFINED SUBCLASSES
----  -----------   ------ ------ ------ ------ ------ ------   --------------  ------------------------------------------
                                 (DBH IN INCHES)



2017  TREES           0.1    0.1    0.1    0.1    0.1    14.3   11037. TREES     82.% SM1,  12.% YB1,   5.% RM1,   1.% HH1
      VOLUME:  
        TOTAL         7.3    9.4   10.0   11.0   12.9    14.3    1883. CUFT      46.% SM1,  31.% RM1,  22.% YB1,   0.% ---
        MERCH         7.5    9.4   10.0   11.0   14.3    14.3    1745. CUFT      45.% SM1,  32.% RM1,  23.% YB1,   0.% ---
        CUBIC SAW    11.0   11.6   12.9   14.3   14.3    14.3     506. CUFT      44.% RM1,  40.% SM1,  16.% YB1,   0.% ---
        MERCH        11.0   11.6   12.9   14.3   14.3    14.3    2142. BDFT      43.% RM1,  42.% SM1,  16.% YB1,   0.% ---


      ACCRETION       7.3    8.4   10.0   11.2   14.3    14.3     101. CUFT/YR   43.% RM1,  39.% SM1,  18.% YB1,   0.% ---
      MORTALITY       1.2    7.7    9.1   10.3   11.2    14.3       0. CUFT/YR   40.% YB1,  33.% SM1,  27.% RM1,   0.% ---



2022  TREES           0.1    0.1    0.1    0.1    0.1    15.8   10891. TREES     83.% SM1,  11.% YB1,   5.% RM1,   1.% HH1
      VOLUME:  
        TOTAL         8.0   10.0   10.8   11.9   13.8    15.8    2386. CUFT      45.% SM1,  34.% RM1,  22.% YB1,   0.% ---
        MERCH         8.4   10.0   10.8   11.9   15.8    15.8    2253. CUFT      44.% SM1,  34.% RM1,  22.% YB1,   0.% ---
        CUBIC SAW    11.6   11.9   13.0   13.8   15.8    15.8     949. CUFT      53.% RM1,  27.% SM1,  21.% YB1,   0.% ---
        MERCH        11.6   11.9   13.0   13.8   15.8    15.8    4049. BDFT      55.% RM1,  26.% SM1,  19.% YB1,   0.% ---


      REMOVAL         0.1    0.1    0.1    0.1    0.1    15.8    4683. TREES     83.% SM1,  11.% YB1,   5.% RM1,   1.% HH1
      VOLUME:  
        TOTAL         8.0   10.0   10.8   11.9   13.8    15.8    1026. CUFT      45.% SM1,  34.% RM1,  22.% YB1,   0.% ---
        MERCH         8.4   10.0   10.8   11.9   15.8    15.8     969. CUFT      44.% SM1,  34.% RM1,  22.% YB1,   0.% ---
        CUBIC SAW    11.6   11.9   13.0   13.8   15.8    15.8     408. CUFT      53.% RM1,  27.% SM1,  21.% YB1,   0.% ---
        MERCH        11.6   11.9   13.0   13.8   15.8    15.8    1741. BDFT      55.% RM1,  26.% SM1,  19.% YB1,   0.% ---


      RESIDUAL        0.1    0.1    0.1    0.1    0.1    15.8    6208. TREES     83.% SM1,  11.% YB1,   5.% RM1,   1.% HH1


      ACCRETION       6.6    9.1   10.5   11.9   13.8    15.8      75. CUFT/YR   44.% SM1,  43.% RM1,  12.% YB1,   0.% ---
      MORTALITY       1.7    8.7   10.0   11.5   13.0    15.8       0. CUFT/YR   42.% YB1,  31.% SM1,  27.% RM1,   0.% ---



2027  TREES           0.2    0.2    0.2    0.3    0.4    17.3    9965. TREES     51.% SM1,  35.% SM2,   7.% YB1,   3.% RM1
      VOLUME:  
        TOTAL         9.1   10.5   11.8   14.0   14.8    17.3    1737. CUFT      45.% SM1,  36.% RM1,  20.% YB1,   0.% ---
        MERCH         9.5   10.8   11.8   14.0   14.8    17.3    1641. CUFT      43.% SM1,  37.% RM1,  20.% YB1,   0.% ---
        CUBIC SAW    11.5   12.1   14.0   14.5   17.3    17.3     963. CUFT      47.% RM1,  29.% SM1,  24.% YB1,   0.% ---
        MERCH        11.7   12.4   14.0   14.5   17.3    17.3    4381. BDFT      49.% RM1,  29.% SM1,  22.% YB1,   0.% ---


      ACCRETION       7.3   10.3   11.8   14.0   14.8    17.3      93. CUFT/YR   44.% SM1,  43.% RM1,  12.% YB1,   0.% ---
      MORTALITY       2.2    9.5   10.3   11.8   14.8    17.3       0. CUFT/YR   41.% YB1,  37.% SM1,  21.% RM1,   0.% ---



2032  TREES           0.5    0.5    0.6    0.7    0.7    18.2    9715. TREES     51.% SM1,  35.% SM2,   6.% YB1,   3.% RM1
      VOLUME:  
        TOTAL         9.5   12.1   12.6   15.4   16.8    18.2    2197. CUFT      45.% SM1,  37.% RM1,  18.% YB1,   0.% ---
        MERCH        10.1   12.1   12.6   16.5   16.8    18.2    2071. CUFT      43.% SM1,  39.% RM1,  19.% YB1,   0.% ---
        CUBIC SAW    12.1   12.6   14.5   16.7   18.2    18.2    1429. CUFT      47.% RM1,  34.% SM1,  20.% YB1,   0.% ---
        MERCH        12.2   12.6   15.4   16.7   18.2    18.2    6780. BDFT      49.% RM1,  34.% SM1,  17.% YB1,   0.% ---


      REMOVAL         0.5    0.5    0.6    0.7    0.7    18.2    4178. TREES     51.% SM1,  35.% SM2,   6.% YB1,   3.% RM1
      VOLUME:  
        TOTAL         9.5   12.1   12.6   15.4   16.8    18.2     945. CUFT      45.% SM1,  37.% RM1,  18.% YB1,   0.% ---
        MERCH        10.1   12.1   12.6   16.5   16.8    18.2     891. CUFT      43.% SM1,  39.% RM1,  19.% YB1,   0.% ---
        CUBIC SAW    12.1   12.6   14.5   16.7   18.2    18.2     614. CUFT      47.% RM1,  34.% SM1,  20.% YB1,   0.% ---
        MERCH        12.2   12.6   15.4   16.7   18.2    18.2    2915. BDFT      49.% RM1,  34.% SM1,  17.% YB1,   0.% ---


      RESIDUAL        0.5    0.5    0.6    0.7    0.7    18.2    5538. TREES     51.% SM1,  35.% SM2,   6.% YB1,   3.% RM1


      ACCRETION       0.7    0.7   10.8   12.6   16.7    18.2     102. CUFT/YR   29.% SM1,  27.% RM1,  20.% YB1,  20.% SM2
      MORTALITY       2.8    7.6   10.8   12.3   16.5    18.2       0. CUFT/YR   43.% SM1,  38.% YB1,  18.% RM1,   0.% ---



2037  TREES           0.3    0.4    0.9    0.9    1.0    19.1    8923. TREES     57.% SM2,  32.% SM1,   4.% YB1,   3.% RM2
      VOLUME:  
        TOTAL         1.1   11.7   13.7   16.1   19.0    19.1    1764. CUFT      40.% SM1,  34.% RM1,  19.% YB1,   6.% SM2
        MERCH        10.6   13.2   13.8   18.4   19.0    19.1    1474. CUFT      42.% SM1,  40.% RM1,  18.% YB1,   0.% ---
        CUBIC SAW    12.9   13.7   16.0   18.4   19.0    19.1    1153. CUFT      47.% RM1,  34.% SM1,  19.% YB1,   0.% ---
        MERCH        13.1   13.8   16.0   19.0   19.1    19.1    5729. BDFT      49.% RM1,  33.% SM1,  18.% YB1,   0.% ---


      ACCRETION       0.9    0.9    1.0   11.7   16.1    19.1     123. CUFT/YR   61.% SM1,  18.% RM1,  13.% SM2,   7.% YB1
      MORTALITY       1.0    1.0    1.1    1.1   11.1    19.1      14. CUFT/YR   55.% YB1,  19.% SM2,  11.% YB2,  10.% SM1



2042  TREES           0.7    0.8    1.2    1.2    1.4    20.5    7429. TREES     58.% SM2,  33.% SM1,   3.% RM2,   2.% YB1
      VOLUME:  
        TOTAL         1.2   10.6   14.1   16.5   20.1    20.5    2309. CUFT      47.% SM1,  31.% RM1,  15.% YB1,   7.% SM2
        MERCH        11.0   13.9   15.0   19.3   20.1    20.5    1701. CUFT      43.% SM1,  41.% RM1,  16.% YB1,   0.% ---
        CUBIC SAW    12.9   14.5   16.4   19.3   20.1    20.5    1404. CUFT      46.% RM1,  37.% SM1,  17.% YB1,   0.% ---
        MERCH        12.9   14.5   16.5   19.3   20.1    20.5    7034. BDFT      48.% RM1,  36.% SM1,  16.% YB1,   0.% ---


      REMOVAL         0.7    0.8    1.2    1.2    1.4    20.5    3194. TREES     58.% SM2,  33.% SM1,   3.% RM2,   2.% YB1
      VOLUME:  
        TOTAL         1.2   10.6   14.1   16.5   20.1    20.5     993. CUFT      47.% SM1,  31.% RM1,  15.% YB1,   7.% SM2
        MERCH        11.0   13.9   15.0   19.3   20.1    20.5     731. CUFT      43.% SM1,  41.% RM1,  16.% YB1,   0.% ---
        CUBIC SAW    12.9   14.5   16.4   19.3   20.1    20.5     604. CUFT      46.% RM1,  37.% SM1,  17.% YB1,   0.% ---
        MERCH        12.9   14.5   16.5   19.3   20.1    20.5    3024. BDFT      48.% RM1,  36.% SM1,  16.% YB1,   0.% ---


      RESIDUAL        0.7    0.8    1.2    1.2    1.4    20.5    4235. TREES     58.% SM2,  33.% SM1,   3.% RM2,   2.% YB1


      ACCRETION       0.7    1.4    1.5   13.9   19.3    20.5      91. CUFT/YR   46.% SM2,  24.% SM1,  20.% RM1,   6.% YB1
      MORTALITY       1.2    1.2    1.4    1.6    4.1    20.5       5. CUFT/YR   39.% SM1,  29.% YB1,  22.% SM2,   5.% RM1



2047  TREES           0.3    0.4    1.1    1.6    1.9    21.8    6647. TREES     73.% SM2,  20.% SM1,   3.% RM2,   1.% YB1
      VOLUME:  
        TOTAL         1.6    4.5   14.1   16.7   21.0    21.8    1746. CUFT      41.% SM1,  29.% RM1,  17.% SM2,  12.% YB1
        MERCH        11.7   14.8   16.6   18.7   21.3    21.8    1151. CUFT      43.% SM1,  42.% RM1,  15.% YB1,   0.% ---
        CUBIC SAW    12.2   14.8   16.7   20.6   21.3    21.8    1033. CUFT      44.% RM1,  41.% SM1,  15.% YB1,   0.% ---
        MERCH        13.6   15.5   17.0   20.6   21.3    21.8    5336. BDFT      46.% RM1,  40.% SM1,  14.% YB1,   0.% ---


     FOREST VEGETATION SIMULATOR     VERSION FS2025.4 -- LAKE STATES                            RV:20250930    05-07-2026  12:14:48

STAND ID: MBB_BAU                       MGMT ID: MI       


------------------------------------------------------------------------------------------------------------------------------
                     ATTRIBUTES OF SELECTED SAMPLE TREES                 ADDITIONAL STAND ATTRIBUTES (BASED ON STOCKABLE AREA)
      -----------------------------------------------------------------  -----------------------------------------------------
      INITIAL                           LIVE   PAST DBH  BASAL   TREES          QUADRATIC   TREES    BASAL  TOP HEIGHT       
      TREES/A            DBH    HEIGHT  CROWN   GROWTH   AREA     PER    STAND   MEAN DBH    PER     AREA     LARGEST       
YEAR   %TILE  SPECIES (INCHES)  (FEET)  RATIO  (INCHES)  %TILE    ACRE   AGE     (INCHES)    ACRE   (SQFT/A) 40/A (FT)        
----  ------- ------- -------- -------- ------ --------- ------- ------  -----  ---------   ------ --------- --------- -------

2017                                          (  6 YRS)

        10     SM1       0.10     1.01    25     0.00      0.1 1200.00
        30     SM1       0.10     1.01    25     0.00      0.3 1275.00
        50     SM1       0.10     1.01    25     0.00      0.6 4200.00
        70     SM1       0.10     1.01    25     0.00      0.6 4200.00
        90     YB1       0.10     1.01    37     0.00      0.7 1200.00
       100     RM1      14.30    69.00    40     1.03    100.0    6.00
                                                                          85       1.1    11037.      78.       61.8

2022                                          (  5 YRS)

        10     SM1       0.10     3.23    24     0.00      0.1 1189.36
        30     SM1       0.10     3.37    24     0.00      0.6 1263.69
        50     SM1       0.10     3.37    24     0.00      0.5 4162.75
        70     SM1       0.10     3.37    24     0.00      0.5 4162.75
        90     YB1       0.10     4.15    35     0.00      0.6 1146.79
       100     RM1      15.85    73.35    42     1.45    100.0    6.00
                                                                          90       1.3    10891.      96.       66.7
                                                                     RESIDUAL:     1.3     6208.      55.       65.3

2027 **                                       (  5 YRS)

        10     SM1       0.20     5.79    25     0.09      0.5 1175.65
        30     SM1       0.20     6.10    25     0.09      1.2 2351.33
        50     SM1       0.20     6.19    25     0.09      1.7  713.80
        70     SM2       0.32     7.32    67     0.00      3.4 1591.67
        90     SM2       0.36     7.67    67     0.00      4.7  795.84
       100     RM1      17.29    76.77    44     1.36    100.0    3.42
                                                                          95       1.1     9965.      71.       68.7

2032                                          (  5 YRS)

        10     SM1       0.52     8.93    26     0.30      1.9 1153.31
        30     SM1       0.52     8.97    26     0.30      6.3 2306.95
        50     SM1       0.55     9.26    26     0.33      7.5  700.35
        70     SM2       0.66    10.20    64     0.32     11.8 1562.38
        90     SM2       0.72    10.82    64     0.34     16.8  781.30
       100     RM1      18.24    78.39    45     0.89    100.0    3.42
                                                                         100       1.4     9715.     100.       72.3
                                                                     RESIDUAL:     1.4     5538.      57.       69.9

2037 **                                       (  5 YRS)

        10     SM2       0.28     7.04    67     0.00      0.4  435.63
        30     SM2       0.38     7.78    67     0.00      1.8  587.70
        50     SM1       0.88    12.36    27     0.30      8.4  395.07
        70     SM1       0.89    12.50    27     0.35     16.9 1301.26
        90     SM2       1.02    13.86    61     0.33     27.8  267.64
       100     RM1      19.11    79.46    46     0.82    100.0    1.95
                                                                         105       1.3     8923.      85.       73.2

2042                                          (  5 YRS)

        10     SM2       0.66    10.23    64     0.36      1.6  369.42
        30     SM2       0.75    11.13    64     0.35      5.3  499.58
        50     SM1       1.22    15.94    28     0.32     22.1  340.87
        70     SM1       1.21    15.87    28     0.31     19.6 1123.27
        90     SM2       1.36    17.41    58     0.32     26.7  232.05
       100     RM1      20.07    80.77    47     0.90     96.1    1.94
                                                                         110       1.7     7429.     113.       75.5
                                                                     RESIDUAL:     1.7     4235.      64.       65.6

2047 **                                       (  5 YRS)

        10     SM2       0.31     7.27    67     0.00      0.3  140.69
        30     SM2       0.39     7.83    67     0.00      1.2  278.00
        50     SM2       1.10    14.69    61     0.35      8.0  395.05
        70     SM1       1.63    20.24    29     0.39     26.7  603.98
        90     SM2       1.89    22.88    55     0.49     48.1  411.61
       100     RM1      21.75    73.95    49     1.21    100.0    1.10
                                                                         115       1.6     6647.      93.       69.1

** NOTE:  DUE TO HARVEST, COMPRESSION, OR REGENERATION ESTABLISHMENT, NEW SAMPLE TREES WERE SELECTED.


     FOREST VEGETATION SIMULATOR     VERSION FS2025.4 -- LAKE STATES                            RV:20250930    05-07-2026  12:14:48

STAND ID: MBB_BAU                       MGMT ID: MI      



                                         SUMMARY STATISTICS (PER ACRE OR STAND BASED ON TOTAL STAND AREA)
--------------------------------------------------------------------------------------------------------------------------------------------------
                      START OF SIMULATION PERIOD                       REMOVALS               AFTER TREATMENT     GROWTH THIS PERIOD
         --------------------------------------------------- ----------------------------- ---------------------  ------------------   MAI  ------
         NO OF              TOP      TOTAL MERCH SAWLG MERCH NO OF TOTAL MERCH SAWLG MERCH              TOP  RES  PERIOD ACCRE MORT   MERCH FOR SS
YEAR AGE TREES  BA  SDI CCF HT  QMD  CU FT CU FT CU FT BD FT TREES CU FT CU FT CU FT BD FT  BA  SDI CCF HT   QMD  YEARS   PER  YEAR   CU FT TYP ZT
---- --- ----- --- ---- --- --- ---- ----- ----- ----- ----- ----- ----- ----- ----- ----- --- ---- --- --- ----  ------ ---- -----   ----- ------
2017  85 11037  78  155 183  62  1.1  1883  1745   506  2142     0     0     0     0     0  78  155 183  62  1.1       5  101     0    20.5 801 22
2022  90 10891  96  184 208  67  1.3  2386  2253   949  4049  4683  1026   969   408  1741  55  105 118  65  1.3       5   75     0    25.0 801 22
2027  95  9965  71  149 154  69  1.1  1737  1641   963  4381     0     0     0     0     0  71  149 154  69  1.1       5   93     0    27.5 801 13
2032 100  9715 100  245 236  72  1.4  2197  2071  1429  6780  4178   945   891   614  2915  57  139 135  70  1.4       5  102     0    30.4 801 12
2037 105  8923  85  231 220  73  1.3  1764  1474  1153  5729     0     0     0     0     0  85  231 220  73  1.3       5  123    14    31.8 801 13
2042 110  7429 113  313 311  76  1.7  2309  1701  1404  7034  3194   993   731   604  3024  64  179 177  66  1.7       5   91     5    32.4 801 12
2047 115  6647  93  266 277  69  1.6  1746  1151  1033  5336     0     0     0   604     0  93  266 277  69  1.6       0    0     0    26.2 801 13




                                                     ACTIVITY SUMMARY 

STAND ID= MBB_BAU                       MGMT ID= MI                                                                              

----------------------------------------------------------------------------------------------------------------------------------

CYCLE  DATE  EXTENSION  KEYWORD   DATE  ACTIVITY DISPOSITION  PARAMETERS:
-----  ----  ---------  --------  ----  --------------------  --------------------------------------------------------------------

   1   2017
               BASE     CUTLIST   2017  NOT DONE                   0.0000     0.0000
               BASE     ATRTLIST  2017  NOT DONE                   0.0000     0.0000
               CMPU     BATARGET  2017  DONE IN 2017              44.6882
               BASE     TREELIST  2017  DONE IN 2021               0.0000     0.0000

   2   2022
               CMPU     BATARGET  2022  DONE IN 2022              54.7939
               BASE     THINDBH   2022  DONE IN 2022               0.0000   999.0000     0.4300     0.0000     0.0000    54.7939
               BASE     CUTLIST   2022  DONE IN 2022               0.0000     0.0000
               BASE     ATRTLIST  2022  DONE IN 2022               0.0000     0.0000
               BASE     TREELIST  2022  DONE IN 2026               0.0000     0.0000

   3   2027
               BASE     CUTLIST   2027  NOT DONE                   0.0000     0.0000
               BASE     ATRTLIST  2027  NOT DONE                   0.0000     0.0000
               CMPU     BATARGET  2027  DONE IN 2027              40.4401
               BASE     TREELIST  2027  DONE IN 2031               0.0000     0.0000

   4   2032
               CMPU     BATARGET  2032  DONE IN 2032              57.1406
               BASE     THINDBH   2032  DONE IN 2032               0.0000   999.0000     0.4300     0.0000     0.0000    57.1406
               BASE     CUTLIST   2032  DONE IN 2032               0.0000     0.0000
               BASE     ATRTLIST  2032  DONE IN 2032               0.0000     0.0000
               BASE     TREELIST  2032  DONE IN 2036               0.0000     0.0000

   5   2037
               BASE     CUTLIST   2037  NOT DONE                   0.0000     0.0000
               BASE     ATRTLIST  2037  NOT DONE                   0.0000     0.0000
               CMPU     BATARGET  2037  DONE IN 2037              48.3278
               BASE     TREELIST  2037  DONE IN 2041               0.0000     0.0000

   6   2042
               CMPU     BATARGET  2042  DONE IN 2042              64.3131
               BASE     THINDBH   2042  DONE IN 2042               0.0000   999.0000     0.4300     0.0000     0.0000    64.3131
               BASE     CUTLIST   2042  DONE IN 2042               0.0000     0.0000
               BASE     ATRTLIST  2042  DONE IN 2042               0.0000     0.0000
               BASE     TREELIST  2042  DONE IN 2046               0.0000     0.0000
----------------------------------------------------------------------------------------------------------------------------------
------------------------------------------------------
REGENERATION FROM STUMP & ROOT SPROUTS
 
STAND ID: MBB_BAU                     MANAGEMENT CODE: MI    YEAR:  2026
 
             TREES  AVERAGE
    SPECIES  /ACRE  HEIGHT
    -------  -----  -------
       RM     181.     7.4
       YB     161.     7.2
       SM    3447.     7.6
       HH      50.     7.1
             -----
             3839.
------------------------------------------------------
------------------------------------------------------
REGENERATION FROM STUMP & ROOT SPROUTS
 
STAND ID: MBB_BAU                     MANAGEMENT CODE: MI    YEAR:  2036
 
             TREES  AVERAGE
    SPECIES  /ACRE  HEIGHT
    -------  -----  -------
       RM     157.     7.4
       YB      99.     7.4
       SM    3161.     7.5
       HH      43.     8.3
             -----
             3460.
------------------------------------------------------
------------------------------------------------------
REGENERATION FROM STUMP & ROOT SPROUTS
 
STAND ID: MBB_BAU                     MANAGEMENT CODE: MI    YEAR:  2046
 
             TREES  AVERAGE
    SPECIES  /ACRE  HEIGHT
    -------  -----  -------
       RM     115.     7.5
       YB      33.     7.3
       SM    2521.     7.5
       HH      24.     7.1
             -----
             2692.
------------------------------------------------------

Structural statistics for stand: MBB_BAU                     MgmtID: MI

        ------------ Stratum 1 ------------ ------------ Stratum 2 ------------ ------------ Stratum 3 ------------
     Rm       ---Height-- -Crown- -Major- C       ---Height-- -Crown- -Major- C       ---Height-- -Crown- -Major- C N Tot Struc
Year Cd  DBH  Nom  Lg  Sm Bas Cov Sp1 Sp2 D  DBH  Nom  Lg  Sm Bas Cov Sp1 Sp2 D  DBH  Nom  Lg  Sm Bas Cov Sp1 Sp2 D S Cov Class
---- -- ----- --- --- --- --- --- --- --- - ----- --- --- --- --- --- --- --- - ----- --- --- --- --- --- --- --- - - --- -----
2017  0  10.8  61  69  47  36  59 SM  RM  2   1.1  16  18  14   8   4 SM  --  0   0.1   1   1   1   1   5 SM  YB  0 1  62  2=SE
2017  1  10.8  61  69  47  36  59 SM  RM  2   1.1  16  18  14   8   4 SM  --  0   0.1   1   1   1   1   5 SM  YB  0 1  62  2=SE
2022  0  12.0  65  73  51  37  64 SM  RM  2   1.6  21  23  18  11   8 SM  --  1   0.1   3   4   3   3   5 SM  YB  0 2  68  3=UR
2022  1  12.0  65  73  51  37  44 SM  RM  2   1.6  21  23  18  11   4 SM  --  0   0.1   3   4   3   3   3 SM  YB  0 1  48  2=SE
2027  0  13.1  68  77  55  38  48 SM  RM  2   2.1  27  28  24  14   8 SM  --  1   0.4   8   9   6   4  10 SM  YB  1 3  57  4=YM
2027  1  13.1  68  77  55  38  48 SM  RM  2   2.1  27  28  24  14   8 SM  --  1   0.4   8   9   6   4  10 SM  YB  1 3  57  4=YM
2032  0  14.5  72  80  56  39  52 SM  RM  2   2.7  31  33  29  17  11 SM  --  1   0.7  10  13   9   6  36 SM  YB  1 3  73  4=YM
2032  1  14.5  72  80  56  39  34 SM  RM  2   2.7  31  33  29  17   7 SM  --  1   0.7  10  13   9   6  22 SM  YB  1 3  53  4=YM
2037  0  16.0  75  84  57  40  38 SM  RM  2   3.4  37  39  34  20  10 SM  --  1   1.0  14  17   6   6  49 SM  YB  1 3  71  4=YM
2037  1  16.0  75  84  57  40  38 SM  RM  2   3.4  37  39  34  20  10 SM  --  1   1.0  14  17   6   6  49 SM  YB  1 3  71  4=YM
2042  0  15.7  77  86  39  31  48 SM  RM  2   1.4  18  23   9   8  69 SM  YB  1   0.0   0   0   0   0   0 --  --  0 2  84  3=UR
2042  1  15.7  77  86  39  31  31 SM  RM  2   1.4  18  23   9   8  49 SM  YB  1   0.0   0   0   0   0   0 --  --  0 2  64  3=UR
2047  0  16.7  80  88  44  32  34 SM  RM  2   1.9  23  29   6   7  71 SM  YB  1   0.0   0   0   0   0   0 --  --  0 2  81  3=UR
