

     FOREST VEGETATION SIMULATOR     VERSION FS2024.2 -- NORTHEAST                              RV:20240401    05-07-2026  08:18:52

----------------------------------------------------------------------------------------------------------------------------------

                                                OPTIONS SELECTED BY INPUT

KEYWORD FILE NAME: ./input/tmp
----------------------------------------------------------------------------------------------------------------------------------
KEYWORD    PARAMETERS:
--------   -----------------------------------------------------------------------------------------------------------------------

NOTRIPLE


            

STDIDENT
           STAND ID= MBB_BAU                                                                                                   


            

STANDCN    DATA BASE CONTROL NUMBER=511267881126144


            

MGMTID  
           MANAGEMENT ID= VT  


            

TIMEINT    ALL CYCLES;  PERIOD LENGTH=  5

NUMCYCLE   NUMBER OF CYCLES=  6


            

DATABASE   DATABASE KEYWORDS:

DSNOUT     DSN FOR OUTPUT DATA BASE IS ./output/mbb.sqlite
           ********  ERROR: OUTPUT OPEN FAILED FOR DSN:./output/mbb.sqlite

END        END OF DATA BASE OPTIONS.


            

DATABASE   DATABASE KEYWORDS:

DSNIN      INPUT DATA BASE IS ./db/FIADB_VT.db
